2025-10-29T02:26:45.580Z - tops: 📊 Cropped image search: 180 total → 107 unique (40.6% duplicates)
2025-10-29T02:56:16.131Z - tops: 📊 Cropped image search: 180 total → 64 unique (64.4% duplicates)
2025-10-29T02:56:32.534Z - bag: 📊 Cropped image search: 180 total → 81 unique (55.0% duplicates)
2025-10-29T02:56:54.061Z - tops: 📊 Cropped image search: 106 total → 73 unique (31.1% duplicates)
2025-10-29T02:57:10.153Z - tops: 📊 Cropped image search: 180 total → 81 unique (55.0% duplicates)
2025-10-29T02:58:07.241Z - tops: 📊 Cropped image search: 180 total → 83 unique (53.9% duplicates)
2025-10-29T02:58:17.685Z - bottoms: 📊 Cropped image search: 180 total → 86 unique (52.2% duplicates)
2025-10-29T02:58:19.448Z - tops: 📊 Cropped image search: 179 total → 128 unique (28.5% duplicates)
2025-10-29T02:58:27.896Z - shoes: 📊 Cropped image search: 180 total → 71 unique (60.6% duplicates)
2025-10-29T02:58:43.666Z - tops: 📊 Cropped image search: 180 total → 92 unique (48.9% duplicates)
2025-10-29T02:58:50.244Z - bottoms: 📊 Cropped image search: 180 total → 88 unique (51.1% duplicates)
2025-10-29T02:59:54.644Z - tops: 📊 Cropped image search: 180 total → 87 unique (51.7% duplicates)
2025-10-29T03:00:00.899Z - shoes: 📊 Cropped image search: 180 total → 94 unique (47.8% duplicates)
2025-10-29T03:00:14.412Z - tops_1: 📊 Cropped image search: 180 total → 151 unique (16.1% duplicates)
2025-10-29T03:00:28.132Z - bottoms: 📊 Cropped image search: 179 total → 111 unique (38.0% duplicates)
2025-10-29T03:00:41.222Z - bag: 📊 Cropped image search: 180 total → 128 unique (28.9% duplicates)
2025-10-29T03:00:55.838Z - tops: 📊 Cropped image search: 168 total → 106 unique (36.9% duplicates)
2025-10-29T03:01:05.365Z - tops_1: 📊 Cropped image search: 180 total → 64 unique (64.4% duplicates)
2025-10-29T03:01:09.289Z - bottoms: 📊 Cropped image search: 174 total → 126 unique (27.6% duplicates)
2025-10-29T03:01:13.393Z - tops_2: 📊 Cropped image search: 180 total → 91 unique (49.4% duplicates)
2025-10-29T03:01:23.365Z - tops_3: 📊 Cropped image search: 180 total → 80 unique (55.6% duplicates)
2025-10-29T03:01:50.939Z - tops: 📊 Cropped image search: 180 total → 68 unique (62.2% duplicates)
2025-10-29T03:01:59.819Z - bottoms: 📊 Cropped image search: 0 total → 0 unique (0% duplicates)
2025-10-29T03:02:04.791Z - bag: 📊 Cropped image search: 180 total → 84 unique (53.3% duplicates)
2025-10-29T03:02:08.340Z - accessory: 📊 Cropped image search: 180 total → 142 unique (21.1% duplicates)
2025-10-29T03:02:23.000Z - bag: 📊 Cropped image search: 180 total → 112 unique (37.8% duplicates)
2025-10-29T03:03:04.177Z - tops: 📊 Cropped image search: 180 total → 89 unique (50.6% duplicates)
2025-10-29T03:03:11.203Z - bag: 📊 Cropped image search: 177 total → 92 unique (48.0% duplicates)
2025-10-29T03:03:15.297Z - bottoms: 📊 Cropped image search: 180 total → 103 unique (42.8% duplicates)
2025-10-29T03:05:02.557Z - tops: 📊 Cropped image search: 180 total → 80 unique (55.6% duplicates)
2025-10-29T03:05:37.408Z - bottoms: 📊 Cropped image search: 179 total → 114 unique (36.3% duplicates)
2025-10-29T03:05:37.556Z - tops: 📊 Cropped image search: 75 total → 68 unique (9.3% duplicates)
2025-10-29T03:05:51.101Z - shoes: 📊 Cropped image search: 180 total → 113 unique (37.2% duplicates)
2025-10-29T03:05:59.562Z - bag: 📊 Cropped image search: 180 total → 82 unique (54.4% duplicates)
2025-10-29T03:06:37.054Z - bag: 📊 Cropped image search: 177 total → 133 unique (24.9% duplicates)
2025-10-29T03:06:40.178Z - bag: 📊 Cropped image search: 180 total → 140 unique (22.2% duplicates)
2025-10-29T03:06:49.421Z - bag_1: 📊 Cropped image search: 180 total → 69 unique (61.7% duplicates)
2025-10-29T03:06:58.556Z - bag_2: 📊 Cropped image search: 180 total → 103 unique (42.8% duplicates)
2025-10-29T03:07:19.515Z - bag_3: 📊 Cropped image search: 180 total → 120 unique (33.3% duplicates)
2025-10-29T03:07:29.790Z - tops: 📊 Cropped image search: 180 total → 73 unique (59.4% duplicates)
2025-10-29T03:07:46.655Z - tops: 📊 Cropped image search: 176 total → 110 unique (37.5% duplicates)
2025-10-29T03:07:46.843Z - tops_1: 📊 Cropped image search: 180 total → 112 unique (37.8% duplicates)
2025-10-29T03:08:43.220Z - tops: 📊 Cropped image search: 180 total → 132 unique (26.7% duplicates)
2025-10-29T03:08:51.714Z - bottoms: 📊 Cropped image search: 180 total → 76 unique (57.8% duplicates)
2025-10-29T03:09:08.293Z - bag: 📊 Cropped image search: 179 total → 143 unique (20.1% duplicates)
2025-10-29T03:09:27.865Z - tops: 📊 Cropped image search: 180 total → 87 unique (51.7% duplicates)
2025-10-29T03:09:39.423Z - tops: 📊 Cropped image search: 180 total → 97 unique (46.1% duplicates)
2025-10-29T03:09:46.899Z - tops_1: 📊 Cropped image search: 180 total → 120 unique (33.3% duplicates)
2025-10-29T03:09:55.785Z - bottoms: 📊 Cropped image search: 180 total → 87 unique (51.7% duplicates)
2025-10-29T03:10:04.663Z - bottoms: 📊 Cropped image search: 180 total → 64 unique (64.4% duplicates)
2025-10-29T03:10:11.541Z - shoes: 📊 Cropped image search: 180 total → 114 unique (36.7% duplicates)
2025-10-29T03:11:04.282Z - accessory: 📊 Cropped image search: 180 total → 118 unique (34.4% duplicates)
2025-10-29T03:11:18.506Z - tops: 📊 Cropped image search: 180 total → 121 unique (32.8% duplicates)
2025-10-29T03:11:57.237Z - tops: 📊 Cropped image search: 176 total → 112 unique (36.4% duplicates)
2025-10-29T03:12:04.307Z - tops_1: 📊 Cropped image search: 0 total → 0 unique (0% duplicates)
2025-10-29T03:12:22.962Z - bottoms: 📊 Cropped image search: 180 total → 64 unique (64.4% duplicates)
2025-10-29T03:12:46.505Z - tops: 📊 Cropped image search: 180 total → 126 unique (30.0% duplicates)
2025-10-29T03:12:55.843Z - bottoms: 📊 Cropped image search: 177 total → 78 unique (55.9% duplicates)
2025-10-29T03:13:04.467Z - tops: 📊 Cropped image search: 180 total → 85 unique (52.8% duplicates)
2025-10-29T03:13:21.589Z - bottoms: 📊 Cropped image search: 180 total → 122 unique (32.2% duplicates)
2025-10-29T03:13:32.716Z - shoes: 📊 Cropped image search: 1 total → 1 unique (0.0% duplicates)
2025-10-29T03:13:38.266Z - bag: 📊 Cropped image search: 180 total → 90 unique (50.0% duplicates)
2025-10-29T03:13:51.229Z - bag: 📊 Cropped image search: 180 total → 86 unique (52.2% duplicates)
2025-10-29T03:13:59.478Z - dress: 📊 Cropped image search: 154 total → 105 unique (31.8% duplicates)
2025-10-29T03:14:00.737Z - accessory: 📊 Cropped image search: 180 total → 82 unique (54.4% duplicates)
2025-10-29T03:14:10.812Z - bag: 📊 Cropped image search: 180 total → 80 unique (55.6% duplicates)
2025-10-29T03:14:39.059Z - bottoms: 📊 Cropped image search: 180 total → 62 unique (65.6% duplicates)
2025-10-29T03:14:49.904Z - bag: 📊 Cropped image search: 180 total → 83 unique (53.9% duplicates)
2025-10-29T03:15:36.674Z - tops: 📊 Cropped image search: 180 total → 135 unique (25.0% duplicates)
2025-10-29T03:16:07.290Z - tops: 📊 Cropped image search: 180 total → 112 unique (37.8% duplicates)
2025-10-29T03:16:16.272Z - bottoms: 📊 Cropped image search: 180 total → 88 unique (51.1% duplicates)
2025-10-29T03:16:25.744Z - shoes: 📊 Cropped image search: 180 total → 82 unique (54.4% duplicates)
2025-10-29T03:17:04.092Z - dress: 📊 Cropped image search: 180 total → 107 unique (40.6% duplicates)
2025-10-29T03:17:16.145Z - dress: 📊 Cropped image search: 177 total → 90 unique (49.2% duplicates)
2025-10-29T03:17:17.044Z - accessory: 📊 Cropped image search: 179 total → 100 unique (44.1% duplicates)
2025-10-29T03:17:23.773Z - shoes: 📊 Cropped image search: 177 total → 70 unique (60.5% duplicates)
2025-10-29T03:18:01.460Z - tops: 📊 Cropped image search: 176 total → 116 unique (34.1% duplicates)
2025-10-29T03:18:15.619Z - bag: 📊 Cropped image search: 180 total → 125 unique (30.6% duplicates)
2025-10-29T03:18:17.349Z - bottoms: 📊 Cropped image search: 176 total → 121 unique (31.3% duplicates)
2025-10-29T03:19:23.350Z - tops: 📊 Cropped image search: 180 total → 83 unique (53.9% duplicates)
2025-10-29T03:19:32.552Z - tops_1: 📊 Cropped image search: 180 total → 99 unique (45.0% duplicates)
2025-10-29T03:19:55.584Z - bottoms: 📊 Cropped image search: 179 total → 133 unique (25.7% duplicates)
2025-10-29T03:20:06.107Z - shoes: 📊 Cropped image search: 180 total → 100 unique (44.4% duplicates)
